This is pdfTeX, Version 3.14159265-2.6-1.40.20 (MiKTeX 2.9.7000 64-bit) (preloaded format=pdflatex 2019.5.13)  24 FEB 2020 17:01
entering extended mode
**./PHD_thesis.tex
(PHD_thesis.tex
LaTeX2e <2018-12-01>
("C:\Program Files\MiKTeX 2.9\tex/latex/base\report.cls"
Document Class: report 2018/09/03 v1.4i Standard LaTeX document class
("C:\Program Files\MiKTeX 2.9\tex/latex/base\size12.clo"
File: size12.clo 2018/09/03 v1.4i Standard LaTeX file (size option)
)
\c@part=\count80
\c@chapter=\count81
\c@section=\count82
\c@subsection=\count83
\c@subsubsection=\count84
\c@paragraph=\count85
\c@subparagraph=\count86
\c@figure=\count87
\c@table=\count88
\abovecaptionskip=\skip41
\belowcaptionskip=\skip42
\bibindent=\dimen102
) ("C:\Program Files\MiKTeX 2.9\tex/latex/geometry\geometry.sty"
Package: geometry 2018/04/16 v5.8 Page Geometry
 ("C:\Program Files\MiKTeX 2.9\tex/latex/graphics\keyval.sty"
Package: keyval 2014/10/28 v1.15 key=value parser (DPC)
\KV@toks@=\toks14
)
("C:\Program Files\MiKTeX 2.9\tex/generic/oberdiek\ifpdf.sty"
Package: ifpdf 2018/09/07 v3.3 Provides the ifpdf switch
)
("C:\Program Files\MiKTeX 2.9\tex/generic/oberdiek\ifvtex.sty"
Package: ifvtex 2016/05/16 v1.6 Detect VTeX and its facilities (HO)
Package ifvtex Info: VTeX not detected.
)
("C:\Program Files\MiKTeX 2.9\tex/generic/ifxetex\ifxetex.sty"
Package: ifxetex 2010/09/12 v0.6 Provides ifxetex conditional
)
\Gm@cnth=\count89
\Gm@cntv=\count90
\c@Gm@tempcnt=\count91
\Gm@bindingoffset=\dimen103
\Gm@wd@mp=\dimen104
\Gm@odd@mp=\dimen105
\Gm@even@mp=\dimen106
\Gm@layoutwidth=\dimen107
\Gm@layoutheight=\dimen108
\Gm@layouthoffset=\dimen109
\Gm@layoutvoffset=\dimen110
\Gm@dimlist=\toks15

("C:\Program Files\MiKTeX 2.9\tex/latex/geometry\geometry.cfg"))
("C:\Program Files\MiKTeX 2.9\tex/latex/amsfonts\amssymb.sty"
Package: amssymb 2013/01/14 v3.01 AMS font symbols

("C:\Program Files\MiKTeX 2.9\tex/latex/amsfonts\amsfonts.sty"
Package: amsfonts 2013/01/14 v3.01 Basic AMSFonts support
\@emptytoks=\toks16
\symAMSa=\mathgroup4
\symAMSb=\mathgroup5
LaTeX Font Info:    Overwriting math alphabet `\mathfrak' in version `bold'
(Font)                  U/euf/m/n --> U/euf/b/n on input line 106.
))
("C:\Program Files\MiKTeX 2.9\tex/latex/amsmath\amsmath.sty"
Package: amsmath 2018/12/01 v2.17b AMS math features
\@mathmargin=\skip43

For additional information on amsmath, use the `?' option.
("C:\Program Files\MiKTeX 2.9\tex/latex/amsmath\amstext.sty"
Package: amstext 2000/06/29 v2.01 AMS text
 ("C:\Program Files\MiKTeX 2.9\tex/latex/amsmath\amsgen.sty"
File: amsgen.sty 1999/11/30 v2.0 generic functions
\@emptytoks=\toks17
\ex@=\dimen111
)) ("C:\Program Files\MiKTeX 2.9\tex/latex/amsmath\amsbsy.sty"
Package: amsbsy 1999/11/29 v1.2d Bold Symbols
\pmbraise@=\dimen112
)
("C:\Program Files\MiKTeX 2.9\tex/latex/amsmath\amsopn.sty"
Package: amsopn 2016/03/08 v2.02 operator names
)
\inf@bad=\count92
LaTeX Info: Redefining \frac on input line 223.
\uproot@=\count93
\leftroot@=\count94
LaTeX Info: Redefining \overline on input line 385.
\classnum@=\count95
\DOTSCASE@=\count96
LaTeX Info: Redefining \ldots on input line 482.
LaTeX Info: Redefining \dots on input line 485.
LaTeX Info: Redefining \cdots on input line 606.
\Mathstrutbox@=\box27
\strutbox@=\box28
\big@size=\dimen113
LaTeX Font Info:    Redeclaring font encoding OML on input line 729.
LaTeX Font Info:    Redeclaring font encoding OMS on input line 730.
\macc@depth=\count97
\c@MaxMatrixCols=\count98
\dotsspace@=\muskip10
\c@parentequation=\count99
\dspbrk@lvl=\count100
\tag@help=\toks18
\row@=\count101
\column@=\count102
\maxfields@=\count103
\andhelp@=\toks19
\eqnshift@=\dimen114
\alignsep@=\dimen115
\tagshift@=\dimen116
\tagwidth@=\dimen117
\totwidth@=\dimen118
\lineht@=\dimen119
\@envbody=\toks20
\multlinegap=\skip44
\multlinetaggap=\skip45
\mathdisplay@stack=\toks21
LaTeX Info: Redefining \[ on input line 2844.
LaTeX Info: Redefining \] on input line 2845.
) ("C:\Program Files\MiKTeX 2.9\tex/latex/float\float.sty"
Package: float 2001/11/08 v1.3d Float enhancements (AL)
\c@float@type=\count104
\float@exts=\toks22
\float@box=\box29
\@float@everytoks=\toks23
\@floatcapt=\box30
)
("C:\Program Files\MiKTeX 2.9\tex/latex/caption\subcaption.sty"
Package: subcaption 2018/05/01 v1.1-162 Sub-captions (AR)

("C:\Program Files\MiKTeX 2.9\tex/latex/caption\caption.sty"
Package: caption 2018/10/06 v3.3-154 Customizing captions (AR)
 ("C:\Program Files\MiKTeX 2.9\tex/latex/caption\caption3.sty"
Package: caption3 2018/09/12 v1.8c caption3 kernel (AR)
Package caption3 Info: TeX engine: e-TeX on input line 64.
\captionmargin=\dimen120
\captionmargin@=\dimen121
\captionwidth=\dimen122
\caption@tempdima=\dimen123
\caption@indent=\dimen124
\caption@parindent=\dimen125
\caption@hangindent=\dimen126
)
\c@caption@flags=\count105
\c@ContinuedFloat=\count106
Package caption Info: float package is loaded.
)
\c@subfigure=\count107
\c@subtable=\count108
) ("C:\Program Files\MiKTeX 2.9\tex/latex/xcolor\xcolor.sty"
Package: xcolor 2016/05/11 v2.12 LaTeX color extensions (UK)

("C:\Program Files\MiKTeX 2.9\tex/latex/graphics-cfg\color.cfg"
File: color.cfg 2016/01/02 v1.6 sample color configuration
)
Package xcolor Info: Driver file: pdftex.def on input line 225.

("C:\Program Files\MiKTeX 2.9\tex/latex/graphics-def\pdftex.def"
File: pdftex.def 2018/01/08 v1.0l Graphics/color driver for pdftex
)
("C:\Program Files\MiKTeX 2.9\tex/latex/colortbl\colortbl.sty"
Package: colortbl 2018/12/12 v1.0d Color table columns (DPC)
 ("C:\Program Files\MiKTeX 2.9\tex/latex/tools\array.sty"
Package: array 2018/12/30 v2.4k Tabular extension package (FMi)
\col@sep=\dimen127
\ar@mcellbox=\box31
\extrarowheight=\dimen128
\NC@list=\toks24
\extratabsurround=\skip46
\backup@length=\skip47
\ar@cellbox=\box32
)
\everycr=\toks25
\minrowclearance=\skip48
)
\rownum=\count109
Package xcolor Info: Model `cmy' substituted by `cmy0' on input line 1348.
Package xcolor Info: Model `hsb' substituted by `rgb' on input line 1352.
Package xcolor Info: Model `RGB' extended on input line 1364.
Package xcolor Info: Model `HTML' substituted by `rgb' on input line 1366.
Package xcolor Info: Model `Hsb' substituted by `hsb' on input line 1367.
Package xcolor Info: Model `tHsb' substituted by `hsb' on input line 1368.
Package xcolor Info: Model `HSB' substituted by `hsb' on input line 1369.
Package xcolor Info: Model `Gray' substituted by `gray' on input line 1370.
Package xcolor Info: Model `wave' substituted by `hsb' on input line 1371.
) ("C:\Program Files\MiKTeX 2.9\tex/latex/tools\tabularx.sty"
Package: tabularx 2016/02/03 v2.11b `tabularx' package (DPC)
\TX@col@width=\dimen129
\TX@old@table=\dimen130
\TX@old@col=\dimen131
\TX@target=\dimen132
\TX@delta=\dimen133
\TX@cols=\count110
\TX@ftn=\toks26
)
("C:\Program Files\MiKTeX 2.9\tex/latex/tools\longtable.sty"
Package: longtable 2014/10/28 v4.11 Multi-page Table package (DPC)+ FMi change
\LTleft=\skip49
\LTright=\skip50
\LTpre=\skip51
\LTpost=\skip52
\LTchunksize=\count111
\LTcapwidth=\dimen134
\LT@head=\box33
\LT@firsthead=\box34
\LT@foot=\box35
\LT@lastfoot=\box36
\LT@cols=\count112
\LT@rows=\count113
\c@LT@tables=\count114
\c@LT@chunks=\count115
\LT@p@ftn=\toks27
)
("C:\Program Files\MiKTeX 2.9\tex/latex/carlisle\ltxtable.sty"
Package: ltxtable 1995/12/11 v0.2 longtable/tabularx merge (DPC)
)
("C:\Program Files\MiKTeX 2.9\tex/latex/booktabs\booktabs.sty"
Package: booktabs 2005/04/14 v1.61803 publication quality tables
\heavyrulewidth=\dimen135
\lightrulewidth=\dimen136
\cmidrulewidth=\dimen137
\belowrulesep=\dimen138
\belowbottomsep=\dimen139
\aboverulesep=\dimen140
\abovetopsep=\dimen141
\cmidrulesep=\dimen142
\cmidrulekern=\dimen143
\defaultaddspace=\dimen144
\@cmidla=\count116
\@cmidlb=\count117
\@aboverulesep=\dimen145
\@belowrulesep=\dimen146
\@thisruleclass=\count118
\@lastruleclass=\count119
\@thisrulewidth=\dimen147
)
("C:\Program Files\MiKTeX 2.9\tex/latex/comment\comment.sty"
\CommentStream=\write3
 Excluding comment 'comment')
("C:\Program Files\MiKTeX 2.9\tex/latex/url\url.sty"
\Urlmuskip=\muskip11
Package: url 2013/09/16  ver 3.4  Verb mode for urls, etc.
) ("C:\Program Files\MiKTeX 2.9\tex/latex/tools\calc.sty"
Package: calc 2017/05/25 v4.3 Infix arithmetic (KKT,FJ)
\calc@Acount=\count120
\calc@Bcount=\count121
\calc@Adimen=\dimen148
\calc@Bdimen=\dimen149
\calc@Askip=\skip53
\calc@Bskip=\skip54
LaTeX Info: Redefining \setlength on input line 80.
LaTeX Info: Redefining \addtolength on input line 81.
\calc@Ccount=\count122
\calc@Cskip=\skip55
)
("C:\Program Files\MiKTeX 2.9\tex/latex/appendix\appendix.sty"
Package: appendix 2009/09/02 v1.2b extra appendix facilities
\c@@pps=\count123
\c@@ppsavesec=\count124
\c@@ppsaveapp=\count125
) ("C:\Program Files\MiKTeX 2.9\tex/latex/cite\cite.sty"
LaTeX Info: Redefining \cite on input line 302.
LaTeX Info: Redefining \nocite on input line 332.
Package: cite 2015/02/27  v 5.5
)
("C:\Program Files\MiKTeX 2.9\tex/latex/graphics\rotating.sty"
Package: rotating 2016/08/11 v2.16d rotated objects in LaTeX

("C:\Program Files\MiKTeX 2.9\tex/latex/graphics\graphicx.sty"
Package: graphicx 2017/06/01 v1.1a Enhanced LaTeX Graphics (DPC,SPQR)

("C:\Program Files\MiKTeX 2.9\tex/latex/graphics\graphics.sty"
Package: graphics 2017/06/25 v1.2c Standard LaTeX Graphics (DPC,SPQR)
 ("C:\Program Files\MiKTeX 2.9\tex/latex/graphics\trig.sty"
Package: trig 2016/01/03 v1.10 sin cos tan (DPC)
) ("C:\Program Files\MiKTeX 2.9\tex/latex/graphics-cfg\graphics.cfg"
File: graphics.cfg 2016/06/04 v1.11 sample graphics configuration
)
Package graphics Info: Driver file: pdftex.def on input line 99.
)
\Gin@req@height=\dimen150
\Gin@req@width=\dimen151
)
("C:\Program Files\MiKTeX 2.9\tex/latex/base\ifthen.sty"
Package: ifthen 2014/09/29 v1.1c Standard LaTeX ifthen package (DPC)
)
\c@r@tfl@t=\count126
\rotFPtop=\skip56
\rotFPbot=\skip57
\rot@float@box=\box37
\rot@mess@toks=\toks28
)
("C:\Program Files\MiKTeX 2.9\tex/latex/ieeetrantools\IEEEtrantools.sty"
Package: IEEEtrantools 2015/08/26 V1.5 by Michael Shell

-- See the "IEEEtrantools_doc.txt" manual for usage information.
-- http://www.michaelshell.org/tex/ieeetran/tools/
\@IEEEtrantmpdimenA=\dimen152
\@IEEEtrantmpdimenB=\dimen153
\@IEEEtrantmpdimenC=\dimen154
\@IEEEtrantmpcountA=\count127
\@IEEEtrantmpcountB=\count128
\@IEEEtrantmpcountC=\count129
\@IEEEtrantmptoksA=\toks29
\IEEEnormaljot=\dimen155
\IEEEquantizedlength=\dimen156
\IEEEquantizedlengthdiff=\dimen157
\IEEEquantizedtextheightdiff=\dimen158
\IEEEilabelindentA=\dimen159
\IEEEilabelindentB=\dimen160
\IEEEilabelindent=\dimen161
\IEEEelabelindent=\dimen162
\IEEEdlabelindent=\dimen163
\IEEElabelindent=\dimen164
\IEEEiednormlabelsep=\dimen165
\IEEEiedmathlabelsep=\dimen166
\IEEEiedtopsep=\skip58
\c@IEEEsubequation=\count130
\@IEEEeqnnumcols=\count131
\@IEEEeqncolcnt=\count132
\@IEEEsubeqnnumrollback=\count133
\IEEEPARstartletwidth=\dimen167
) ("C:\Program Files\MiKTeX 2.9\tex/latex/algorithmicx\algorithmicx.sty"
Package: algorithmicx 2005/04/27 v1.2 Algorithmicx

Document Style algorithmicx 1.2 - a greatly improved `algorithmic' style
\c@ALG@line=\count134
\c@ALG@rem=\count135
\c@ALG@nested=\count136
\ALG@tlm=\skip59
\ALG@thistlm=\skip60
\c@ALG@Lnr=\count137
\c@ALG@blocknr=\count138
\c@ALG@storecount=\count139
\c@ALG@tmpcounter=\count140
\ALG@tmplength=\skip61
) ("C:\Program Files\MiKTeX 2.9\tex/latex/algorithms\algorithm.sty"
Package: algorithm 2009/08/24 v0.1 Document Style `algorithm' - floating environment
\@float@every@algorithm=\toks30
\c@algorithm=\count141
)
("C:\Program Files\MiKTeX 2.9\tex/latex/algorithmicx\algpseudocode.sty"
Package: algpseudocode 

Document Style - pseudocode environments for use with the `algorithmicx' style
) ("C:\Program Files\MiKTeX 2.9\tex/latex/eurosym\eurosym.sty"
Package: eurosym 1998/08/06 v1.1 European currency symbol ``Euro''
\@eurobox=\box38
)
("C:\Program Files\MiKTeX 2.9\tex/latex/tools\verbatim.sty"
Package: verbatim 2014/10/28 v1.5q LaTeX2e package for verbatim enhancements
\every@verbatim=\toks31
\verbatim@line=\toks32
\verbatim@in@stream=\read1
) ("C:\Program Files\MiKTeX 2.9\tex/latex/base\latexsym.sty"
Package: latexsym 1998/08/17 v2.2e Standard LaTeX package (lasy symbols)
\symlasy=\mathgroup6
LaTeX Font Info:    Overwriting symbol font `lasy' in version `bold'
(Font)                  U/lasy/m/n --> U/lasy/b/n on input line 52.
) (uhead.sty) (icthesis.sty ("C:\Program Files\MiKTeX 2.9\tex/latex/nomencl\nomencl.sty"
Package: nomencl 2019/05/05 v5.2 Nomenclature package

("C:\Program Files\MiKTeX 2.9\tex/latex/xkeyval\xkeyval.sty"
Package: xkeyval 2014/12/03 v2.7a package option processing (HA)

("C:\Program Files\MiKTeX 2.9\tex/generic/xkeyval\xkeyval.tex"
("C:\Program Files\MiKTeX 2.9\tex/generic/xkeyval\xkvutils.tex"
\XKV@toks=\toks33
\XKV@tempa@toks=\toks34
)
\XKV@depth=\count142
File: xkeyval.tex 2014/12/03 v2.7a key=value parser (HA)
))
("C:\Program Files\MiKTeX 2.9\tex/latex/koma-script\tocbasic.sty"
Package: tocbasic 2019/02/01 v3.26b KOMA-Script package (handling toc-files)

("C:\Program Files\MiKTeX 2.9\tex/latex/koma-script\scrbase.sty"
Package: scrbase 2019/02/01 v3.26b KOMA-Script package (KOMA-Script-independent basics and keyval usage)

("C:\Program Files\MiKTeX 2.9\tex/latex/koma-script\scrlfile.sty"
Package: scrlfile 2019/02/01 v3.26b KOMA-Script package (loading files)
))
\scr@dte@tocline@numberwidth=\skip62
\scr@dte@tocline@numbox=\box39
)
Package tocbasic Info: setting babel extension for `nlo' on input line 155.
Package tocbasic Info: setting babel extension for `nls' on input line 156.
\nomlabelwidth=\dimen168
\nom@tempdim=\dimen169
\nomitemsep=\skip63
)
\@nomenclaturefile=\write4
\openout4 = `PHD_thesis.nlo'.

Package nomencl Info: Writing nomenclature file PHD_thesis.nlo on input line 213.
)
("C:\Program Files\MiKTeX 2.9\tex/latex/setspace\setspace.sty"
Package: setspace 2011/12/19 v6.7a set line spacing
)
("C:\Program Files\MiKTeX 2.9\tex/latex/listings\listings.sty"
\lst@mode=\count143
\lst@gtempboxa=\box40
\lst@token=\toks35
\lst@length=\count144
\lst@currlwidth=\dimen170
\lst@column=\count145
\lst@pos=\count146
\lst@lostspace=\dimen171
\lst@width=\dimen172
\lst@newlines=\count147
\lst@lineno=\count148
\lst@maxwidth=\dimen173

("C:\Program Files\MiKTeX 2.9\tex/latex/listings\lstmisc.sty"
File: lstmisc.sty 2019/02/27 1.8b (Carsten Heinz)
\c@lstnumber=\count149
\lst@skipnumbers=\count150
\lst@framebox=\box41
)
("C:\Program Files\MiKTeX 2.9\tex/latex/listings\listings.cfg"
File: listings.cfg 2019/02/27 1.8b listings configuration
))
Package: listings 2019/02/27 1.8b (Carsten Heinz)

("C:\Program Files\MiKTeX 2.9\tex/latex/listings\lstlang1.sty"
File: lstlang1.sty 2019/02/27 1.8b listings language file
)
("C:\Program Files\MiKTeX 2.9\tex/latex/oberdiek\bookmark.sty"
Package: bookmark 2016/05/17 v1.26 PDF bookmarks (HO)

("C:\Program Files\MiKTeX 2.9\tex/generic/oberdiek\pdfescape.sty"
Package: pdfescape 2016/05/16 v1.14 Implements pdfTeX's escape features (HO)

("C:\Program Files\MiKTeX 2.9\tex/generic/oberdiek\ltxcmds.sty"
Package: ltxcmds 2016/05/16 v1.23 LaTeX kernel commands for general use (HO)
)
("C:\Program Files\MiKTeX 2.9\tex/generic/oberdiek\pdftexcmds.sty"
Package: pdftexcmds 2018/09/10 v0.29 Utility functions of pdfTeX for LuaTeX (HO)

("C:\Program Files\MiKTeX 2.9\tex/generic/oberdiek\infwarerr.sty"
Package: infwarerr 2016/05/16 v1.4 Providing info/warning/error messages (HO)
)
("C:\Program Files\MiKTeX 2.9\tex/generic/oberdiek\ifluatex.sty"
Package: ifluatex 2016/05/16 v1.4 Provides the ifluatex switch (HO)
Package ifluatex Info: LuaTeX not detected.
)
Package pdftexcmds Info: LuaTeX not detected.
Package pdftexcmds Info: \pdf@primitive is available.
Package pdftexcmds Info: \pdf@ifprimitive is available.
Package pdftexcmds Info: \pdfdraftmode found.
))
("C:\Program Files\MiKTeX 2.9\tex/latex/hyperref\hyperref.sty"
Package: hyperref 2018/11/30 v6.88e Hypertext links for LaTeX

("C:\Program Files\MiKTeX 2.9\tex/generic/oberdiek\hobsub-hyperref.sty"
Package: hobsub-hyperref 2016/05/16 v1.14 Bundle oberdiek, subset hyperref (HO)

("C:\Program Files\MiKTeX 2.9\tex/generic/oberdiek\hobsub-generic.sty"
Package: hobsub-generic 2016/05/16 v1.14 Bundle oberdiek, subset generic (HO)
Package: hobsub 2016/05/16 v1.14 Construct package bundles (HO)
Package hobsub Info: Skipping package `infwarerr' (already loaded).
Package hobsub Info: Skipping package `ltxcmds' (already loaded).
Package hobsub Info: Skipping package `ifluatex' (already loaded).
Package hobsub Info: Skipping package `ifvtex' (already loaded).
Package: intcalc 2016/05/16 v1.2 Expandable calculations with integers (HO)
Package hobsub Info: Skipping package `ifpdf' (already loaded).
Package: etexcmds 2016/05/16 v1.6 Avoid name clashes with e-TeX commands (HO)
Package: kvsetkeys 2016/05/16 v1.17 Key value parser (HO)
Package: kvdefinekeys 2016/05/16 v1.4 Define keys (HO)
Package hobsub Info: Skipping package `pdftexcmds' (already loaded).
Package hobsub Info: Skipping package `pdfescape' (already loaded).
Package: bigintcalc 2016/05/16 v1.4 Expandable calculations on big integers (HO)
Package: bitset 2016/05/16 v1.2 Handle bit-vector datatype (HO)
Package: uniquecounter 2016/05/16 v1.3 Provide unlimited unique counter (HO)
)
Package hobsub Info: Skipping package `hobsub' (already loaded).
Package: letltxmacro 2016/05/16 v1.5 Let assignment for LaTeX macros (HO)
Package: hopatch 2016/05/16 v1.3 Wrapper for package hooks (HO)
Package: xcolor-patch 2016/05/16 xcolor patch
Package: atveryend 2016/05/16 v1.9 Hooks at the very end of document (HO)
Package atveryend Info: \enddocument detected (standard20110627).
Package: atbegshi 2016/06/09 v1.18 At begin shipout hook (HO)
Package: refcount 2016/05/16 v3.5 Data extraction from label references (HO)
Package: hycolor 2016/05/16 v1.8 Color options for hyperref/bookmark (HO)
)
("C:\Program Files\MiKTeX 2.9\tex/latex/oberdiek\auxhook.sty"
Package: auxhook 2016/05/16 v1.4 Hooks for auxiliary files (HO)
)
("C:\Program Files\MiKTeX 2.9\tex/latex/oberdiek\kvoptions.sty"
Package: kvoptions 2016/05/16 v3.12 Key value format for package options (HO)
)
\@linkdim=\dimen174
\Hy@linkcounter=\count151
\Hy@pagecounter=\count152

("C:\Program Files\MiKTeX 2.9\tex/latex/hyperref\pd1enc.def"
File: pd1enc.def 2018/11/30 v6.88e Hyperref: PDFDocEncoding definition (HO)
Now handling font encoding PD1 ...
... no UTF-8 mapping file for font encoding PD1
)
\Hy@SavedSpaceFactor=\count153

("C:\Program Files\MiKTeX 2.9\tex/latex/00miktex\hyperref.cfg"
File: hyperref.cfg 2002/06/06 v1.2 hyperref configuration of TeXLive
)
Package hyperref Info: Hyper figures OFF on input line 4519.
Package hyperref Info: Link nesting OFF on input line 4524.
Package hyperref Info: Hyper index ON on input line 4527.
Package hyperref Info: Plain pages OFF on input line 4534.
Package hyperref Info: Backreferencing OFF on input line 4539.
Package hyperref Info: Implicit mode ON; LaTeX internals redefined.
Package hyperref Info: Bookmarks ON on input line 4772.
\c@Hy@tempcnt=\count154
LaTeX Info: Redefining \url on input line 5125.
\XeTeXLinkMargin=\dimen175
\Fld@menulength=\count155
\Field@Width=\dimen176
\Fld@charsize=\dimen177
Package hyperref Info: Hyper figures OFF on input line 6380.
Package hyperref Info: Link nesting OFF on input line 6385.
Package hyperref Info: Hyper index ON on input line 6388.
Package hyperref Info: backreferencing OFF on input line 6395.
Package hyperref Info: Link coloring OFF on input line 6400.
Package hyperref Info: Link coloring with OCG OFF on input line 6405.
Package hyperref Info: PDF/A mode OFF on input line 6410.
LaTeX Info: Redefining \ref on input line 6450.
LaTeX Info: Redefining \pageref on input line 6454.
\Hy@abspage=\count156
\c@Item=\count157
\c@Hfootnote=\count158
)
Package hyperref Info: Driver (autodetected): hpdftex.

("C:\Program Files\MiKTeX 2.9\tex/latex/hyperref\hpdftex.def"
File: hpdftex.def 2018/11/30 v6.88e Hyperref driver for pdfTeX
\Fld@listcount=\count159
\c@bookmark@seq@number=\count160

("C:\Program Files\MiKTeX 2.9\tex/latex/oberdiek\rerunfilecheck.sty"
Package: rerunfilecheck 2016/05/16 v1.8 Rerun checks for auxiliary files (HO)
Package uniquecounter Info: New unique counter `rerunfilecheck' on input line 282.
)
\Hy@SectionHShift=\skip64
)
("C:\Program Files\MiKTeX 2.9\tex/latex/oberdiek\bkm-pdftex.def"
File: bkm-pdftex.def 2016/05/17 v1.26 bookmark driver for pdfTeX (HO)
\BKM@id=\count161
)) (PHD_thesis.aux (Nomenclature/nomenclature.aux))
\openout1 = `PHD_thesis.aux'.

LaTeX Font Info:    Checking defaults for OML/cmm/m/it on input line 113.
LaTeX Font Info:    ... okay on input line 113.
LaTeX Font Info:    Checking defaults for T1/cmr/m/n on input line 113.
LaTeX Font Info:    ... okay on input line 113.
LaTeX Font Info:    Checking defaults for OT1/cmr/m/n on input line 113.
LaTeX Font Info:    ... okay on input line 113.
LaTeX Font Info:    Checking defaults for OMS/cmsy/m/n on input line 113.
LaTeX Font Info:    ... okay on input line 113.
LaTeX Font Info:    Checking defaults for OMX/cmex/m/n on input line 113.
LaTeX Font Info:    ... okay on input line 113.
LaTeX Font Info:    Checking defaults for U/cmr/m/n on input line 113.
LaTeX Font Info:    ... okay on input line 113.
LaTeX Font Info:    Checking defaults for PD1/pdf/m/n on input line 113.
LaTeX Font Info:    ... okay on input line 113.

*geometry* driver: auto-detecting
*geometry* detected driver: pdftex
*geometry* verbose mode - [ preamble ] result:
* driver: pdftex
* paper: a4paper
* layout: <same size as paper>
* layoutoffset:(h,v)=(0.0pt,0.0pt)
* modes: twoside 
* h-part:(L,W,R)=(113.81102pt, 426.79135pt, 56.9055pt)
* v-part:(T,H,B)=(56.9055pt, 702.78308pt, 85.35826pt)
* \paperwidth=597.50787pt
* \paperheight=845.04684pt
* \textwidth=426.79135pt
* \textheight=702.78308pt
* \oddsidemargin=41.54103pt
* \evensidemargin=-15.36449pt
* \topmargin=-52.36449pt
* \headheight=12.0pt
* \headsep=25.0pt
* \topskip=12.0pt
* \footskip=30.0pt
* \marginparwidth=85.0pt
* \marginparsep=10.0pt
* \columnsep=10.0pt
* \skip\footins=10.8pt plus 4.0pt minus 2.0pt
* \hoffset=0.0pt
* \voffset=0.0pt
* \mag=1000
* \@twocolumnfalse
* \@twosidetrue
* \@mparswitchtrue
* \@reversemarginfalse
* (1in=72.27pt=25.4mm, 1cm=28.453pt)

Package caption Info: Begin \AtBeginDocument code.
Package caption Info: hyperref package is loaded.
Package caption Info: listings package is loaded.
Package caption Info: longtable package is loaded.
("C:\Program Files\MiKTeX 2.9\tex/latex/caption\ltcaption.sty"
Package: ltcaption 2018/08/26 v1.4-95 longtable captions (AR)
)
Package caption Info: rotating package is loaded.
Package caption Info: End \AtBeginDocument code.

("C:\Program Files\MiKTeX 2.9\tex/context/base/mkii\supp-pdf.mkii"
[Loading MPS to PDF converter (version 2006.09.02).]
\scratchcounter=\count162
\scratchdimen=\dimen178
\scratchbox=\box42
\nofMPsegments=\count163
\nofMParguments=\count164
\everyMPshowfont=\toks36
\MPscratchCnt=\count165
\MPscratchDim=\dimen179
\MPnumerator=\count166
\makeMPintoPDFobject=\count167
\everyMPtoPDFconversion=\toks37
) ("C:\Program Files\MiKTeX 2.9\tex/latex/oberdiek\epstopdf-base.sty"
Package: epstopdf-base 2016/05/15 v2.6 Base part for package epstopdf

("C:\Program Files\MiKTeX 2.9\tex/latex/oberdiek\grfext.sty"
Package: grfext 2016/05/16 v1.2 Manage graphics extensions (HO)
)
Package epstopdf-base Info: Redefining graphics rule for `.eps' on input line 438.
Package grfext Info: Graphics extension search list:
(grfext)             [.pdf,.png,.jpg,.mps,.jpeg,.jbig2,.jb2,.PDF,.PNG,.JPG,.JPEG,.JBIG2,.JB2,.eps]
(grfext)             \AppendGraphicsExtensions on input line 456.
)
\c@lstlisting=\count168
\AtBeginShipoutBox=\box43
Package hyperref Info: Link coloring OFF on input line 113.

("C:\Program Files\MiKTeX 2.9\tex/latex/hyperref\nameref.sty"
Package: nameref 2016/05/21 v2.44 Cross-referencing by name of section

("C:\Program Files\MiKTeX 2.9\tex/generic/oberdiek\gettitlestring.sty"
Package: gettitlestring 2016/05/16 v1.5 Cleanup title references (HO)
)
\c@section@level=\count169
)
LaTeX Info: Redefining \ref on input line 113.
LaTeX Info: Redefining \pageref on input line 113.
LaTeX Info: Redefining \nameref on input line 113.
Package hyperref Info: Option `pageanchor' set `false' on input line 115.
<pictures/SheffieldLogo.png, id=3, 501.875pt x 222.8325pt>
File: pictures/SheffieldLogo.png Graphic file (type png)
<use pictures/SheffieldLogo.png>
Package pdftex.def Info: pictures/SheffieldLogo.png  used on input line 121.
(pdftex.def)             Requested size: 227.62204pt x 101.06593pt.
 [1

{C:/Users/DOBEN/AppData/Local/MiKTeX/2.9/pdftex/config/pdftex.map} <./pictures/SheffieldLogo.png>] (abstract/abstract.te
x
LaTeX Font Info:    Try loading font information for U+msa on input line 10.

("C:\Program Files\MiKTeX 2.9\tex/latex/amsfonts\umsa.fd"
File: umsa.fd 2013/01/14 v3.01 AMS symbols A
)
LaTeX Font Info:    Try loading font information for U+msb on input line 10.
 ("C:\Program Files\MiKTeX 2.9\tex/latex/amsfonts\umsb.fd"
File: umsb.fd 2013/01/14 v3.01 AMS symbols B
)
LaTeX Font Info:    Try loading font information for U+lasy on input line 10.

("C:\Program Files\MiKTeX 2.9\tex/latex/base\ulasy.fd"
File: ulasy.fd 1998/08/17 v2.2e LaTeX symbol font definitions
)) (statement_of_originality/statement_of_originality.tex [1


]
<pictures/sign.PNG, id=27, 105.39375pt x 30.71475pt>
File: pictures/sign.PNG Graphic file (type png)
<use pictures/sign.PNG>
Package pdftex.def Info: pictures/sign.PNG  used on input line 14.
(pdftex.def)             Requested size: 105.39348pt x 30.71466pt.
)
(acknowledgements/acknowledgements.tex [2


 <./pictures/sign.PNG>]) (dedication/dedication.tex [3


]
Overfull \hbox (5.42224pt too wide) in paragraph at lines 7--13
\OT1/cmr/m/n/12 This work was sup-ported by the A*STAR-Sheffield Re-search At-tach-ment Pro-gramme.
 []

) (publication_list/publication_list.tex [4


] [5

]) [6] (PHD_thesis.toc [7


]
Overfull \hbox (13.1804pt too wide) in paragraph at lines 17--17
 [] [][]\OT1/cmr/bx/n/12 PV Cell Ori-en-ta-tion An-gles Op-ti-miza-tion for a Base Sta-tion Equipped 
 []

[8] [9] [10])
\tf@toc=\write5
\openout5 = `PHD_thesis.toc'.

 [11] (PHD_thesis.lot)
\tf@lot=\write6
\openout6 = `PHD_thesis.lot'.

 [12


] (PHD_thesis.lof [13


]
Overfull \hbox (2.30565pt too wide) in paragraph at lines 29--29
 [][] [][]\OT1/cmr/m/n/12 Demonstration of the con-cept of en-ergy har-vesters with anti-correlated 
 []

[14] [15])
\tf@lof=\write7
\openout7 = `PHD_thesis.lof'.

 [16]
\openout2 = `Nomenclature/nomenclature.aux'.

 (Nomenclature/nomenclature.tex) (PHD_thesis.nls [17





] [18] [19] [20] [21] [22] [23])
Package hyperref Info: Option `pageanchor' set `true' on input line 147.

(introduction/introduction.tex [24]
Chapter 1.
[1


] [2]
<pictures/nnnew.png, id=545, 496.254pt x 411.33675pt>
File: pictures/nnnew.png Graphic file (type png)
<use pictures/nnnew.png>
Package pdftex.def Info: pictures/nnnew.png  used on input line 36.
(pdftex.def)             Requested size: 256.07741pt x 212.25818pt.

Underfull \vbox (badness 10000) has occurred while \output is active []

 [3]
Underfull \vbox (badness 10000) has occurred while \output is active []

 [4 <./pictures/nnnew.png>]
<pictures/orien.png, id=564, 644.4075pt x 272.81924pt>
File: pictures/orien.png Graphic file (type png)
<use pictures/orien.png>
Package pdftex.def Info: pictures/orien.png  used on input line 70.
(pdftex.def)             Requested size: 426.79135pt x 180.694pt.
 [5 <./pictures/orien.png>] [6]
<pictures/k1.png, id=588, 276.28218pt x 252.19218pt>
File: pictures/k1.png Graphic file (type png)
<use pictures/k1.png>
Package pdftex.def Info: pictures/k1.png  used on input line 94.
(pdftex.def)             Requested size: 106.69783pt x 97.39252pt.
<pictures/k2.png, id=589, 280.04625pt x 247.67531pt>
File: pictures/k2.png Graphic file (type png)
<use pictures/k2.png>
Package pdftex.def Info: pictures/k2.png  used on input line 98.
(pdftex.def)             Requested size: 106.69783pt x 94.36324pt.
<pictures/k3.png, id=590, 280.79906pt x 249.93375pt>
File: pictures/k3.png Graphic file (type png)
<use pictures/k3.png>
Package pdftex.def Info: pictures/k3.png  used on input line 102.
(pdftex.def)             Requested size: 106.69783pt x 94.96817pt.
<pictures/k5.png, id=591, 282.30469pt x 249.18094pt>
File: pictures/k5.png Graphic file (type png)
<use pictures/k5.png>
Package pdftex.def Info: pictures/k5.png  used on input line 106.
(pdftex.def)             Requested size: 106.69783pt x 94.18024pt.
) (contribution_organization/contribution_organization.tex [7 <./pictures/k1.png> <./pictures/k2.png> <./pictures/k3.png
> <./pictures/k5.png>]
<pictures/bs.png, id=606, 544.28343pt x 427.5975pt>
File: pictures/bs.png Graphic file (type png)
<use pictures/bs.png>
Package pdftex.def Info: pictures/bs.png  used on input line 13.
(pdftex.def)             Requested size: 298.75264pt x 234.70305pt.
 [8

 <./pictures/bs.png>]
LaTeX Font Info:    Try loading font information for OMS+cmr on input line 27.
 ("C:\Program Files\MiKTeX 2.9\tex/latex/base\omscmr.fd"
File: omscmr.fd 2014/09/29 v2.5h Standard LaTeX font definitions
)
LaTeX Font Info:    Font shape `OMS/cmr/m/n' in size <12> not available
(Font)              Font shape `OMS/cmsy/m/n' tried instead on input line 27.
 [9

]
[10] [11] [12

]) (Chapter_1/Chapter_1.tex [13]
Chapter 2.
[14


] [15]
Underfull \vbox (badness 7907) has occurred while \output is active []

 [16] [17]
<pictures/SystemSetup.png, id=737, 395.076pt x 290.2845pt>
File: pictures/SystemSetup.png Graphic file (type png)
<use pictures/SystemSetup.png>
Package pdftex.def Info: pictures/SystemSetup.png  used on input line 52.
(pdftex.def)             Requested size: 256.07741pt x 188.16002pt.
 [18]
<pictures/Greenwich5.png, id=745, 506.6428pt x 490.83376pt>
File: pictures/Greenwich5.png Graphic file (type png)
<use pictures/Greenwich5.png>
Package pdftex.def Info: pictures/Greenwich5.png  used on input line 62.
(pdftex.def)             Requested size: 298.75264pt x 289.4396pt.

Underfull \vbox (badness 10000) has occurred while \output is active []

 [19 <./pictures/SystemSetup.png>] [20 <./pictures/Greenwich5.png>]
Underfull \vbox (badness 1983) has occurred while \output is active []

 [21]
<pictures/3irradiances.png, id=771, 224.037pt x 161.403pt>
File: pictures/3irradiances.png Graphic file (type png)
<use pictures/3irradiances.png>
Package pdftex.def Info: pictures/3irradiances.png  used on input line 104.
(pdftex.def)             Requested size: 256.07741pt x 184.48897pt.
 [22 <./pictures/3irradiances.png>] [23]
<pictures/AOI2.png, id=789, 173.14688pt x 128.73094pt>
File: pictures/AOI2.png Graphic file (type png)
<use pictures/AOI2.png>
Package pdftex.def Info: pictures/AOI2.png  used on input line 157.
(pdftex.def)             Requested size: 128.0387pt x 95.19653pt.
<pictures/decli.png, id=792, 513.41812pt x 249.93375pt>
File: pictures/decli.png Graphic file (type png)
<use pictures/decli.png>
Package pdftex.def Info: pictures/decli.png  used on input line 175.
(pdftex.def)             Requested size: 256.07741pt x 124.66147pt.

Underfull \vbox (badness 10000) has occurred while \output is active []

 [24 <./pictures/AOI2.png>]
<pictures/hour_angle.png, id=804, 402.00188pt x 367.3725pt>
File: pictures/hour_angle.png Graphic file (type png)
<use pictures/hour_angle.png>
Package pdftex.def Info: pictures/hour_angle.png  used on input line 188.
(pdftex.def)             Requested size: 128.0387pt x 117.00664pt.
<pictures/hour_angle_graph.png, id=805, 325.96782pt x 164.11313pt>
File: pictures/hour_angle_graph.png Graphic file (type png)
<use pictures/hour_angle_graph.png>
Package pdftex.def Info: pictures/hour_angle_graph.png  used on input line 196.
(pdftex.def)             Requested size: 256.07741pt x 128.93675pt.
 [25 <./pictures/decli.png> <./pictures/hour_angle.png> <./pictures/hour_angle_graph.png>] [26] [27]
<pictures/all_consumption_profiles2.png, id=847, 533.5935pt x 228.25275pt>
File: pictures/all_consumption_profiles2.png Graphic file (type png)
<use pictures/all_consumption_profiles2.png>
Package pdftex.def Info: pictures/all_consumption_profiles2.png  used on input line 274.
(pdftex.def)             Requested size: 341.43437pt x 146.06035pt.
 [28 <./pictures/all_consumption_profiles2.png>]
<pictures/constant_allgemein3.png, id=862, 660.21657pt x 231.86626pt>
File: pictures/constant_allgemein3.png Graphic file (type png)
<use pictures/constant_allgemein3.png>
Package pdftex.def Info: pictures/constant_allgemein3.png  used on input line 288.
(pdftex.def)             Requested size: 426.79135pt x 149.894pt.
<pictures/business_allgemein3.png, id=863, 665.48625pt x 240.14719pt>
File: pictures/business_allgemein3.png Graphic file (type png)
<use pictures/business_allgemein3.png>
Package pdftex.def Info: pictures/business_allgemein3.png  used on input line 295.
(pdftex.def)             Requested size: 426.79135pt x 154.01245pt.

Underfull \vbox (badness 10000) has occurred while \output is active []

 [29 <./pictures/constant_allgemein3.png>]
<pictures/residential_allgemein3.png, id=869, 658.71094pt x 238.64156pt>
File: pictures/residential_allgemein3.png Graphic file (type png)
<use pictures/residential_allgemein3.png>
Package pdftex.def Info: pictures/residential_allgemein3.png  used on input line 301.
(pdftex.def)             Requested size: 426.79135pt x 154.62358pt.
 [30 <./pictures/business_allgemein3.png> <./pictures/residential_allgemein3.png>]
Underfull \vbox (badness 7186) has occurred while \output is active []

 [31]
Underfull \vbox (badness 10000) has occurred while \output is active []

 [32]
<pictures/abc.png, id=905, 791.95876pt x 434.37282pt>
File: pictures/abc.png Graphic file (type png)
<use pictures/abc.png>
Package pdftex.def Info: pictures/abc.png  used on input line 369.
(pdftex.def)             Requested size: 426.79135pt x 234.08723pt.
 [33 <./pictures/abc.png>]
<pictures/lon-sin.png, id=920, 570.933pt x 378.81525pt>
File: pictures/lon-sin.png Graphic file (type png)
<use pictures/lon-sin.png>
Package pdftex.def Info: pictures/lon-sin.png  used on input line 385.
(pdftex.def)             Requested size: 426.79135pt x 283.18588pt.

Underfull \vbox (badness 10000) has occurred while \output is active []

 [34] [35 <./pictures/lon-sin.png>]
Overfull \hbox (6.76624pt too wide) in alignment at lines 401--422
 [] [] [] [] 
 []


Overfull \hbox (6.76624pt too wide) in alignment at lines 422--442
 [] [] [] [] 
 []


Overfull \hbox (6.76624pt too wide) in alignment at lines 442--455
 [] [] [] [] 
 []

[36]
Underfull \vbox (badness 10000) has occurred while \output is active []

 [37] [38] [39]
\c@tablemajor=\count170
<pictures/results/rein_1PV_scale1_offset1_con.png, id=1022, 305.34074pt x 164.41425pt>
File: pictures/results/rein_1PV_scale1_offset1_con.png Graphic file (type png)
<use pictures/results/rein_1PV_scale1_offset1_con.png>
Package pdftex.def Info: pictures/results/rein_1PV_scale1_offset1_con.png  used on input line 554.
(pdftex.def)             Requested size: 137.40205pt x 73.98572pt.
<pictures/results/rein_1PV_scale1_offset1_bis.png, id=1023, 306.54526pt x 160.1985pt>
File: pictures/results/rein_1PV_scale1_offset1_bis.png Graphic file (type png)
<use pictures/results/rein_1PV_scale1_offset1_bis.png>
Package pdftex.def Info: pictures/results/rein_1PV_scale1_offset1_bis.png  used on input line 554.
(pdftex.def)             Requested size: 137.94408pt x 72.08865pt.
<pictures/results/rein_1PV_scale1_offset1_res.png, id=1024, 301.125pt x 158.39175pt>
File: pictures/results/rein_1PV_scale1_offset1_res.png Graphic file (type png)
<use pictures/results/rein_1PV_scale1_offset1_res.png>
Package pdftex.def Info: pictures/results/rein_1PV_scale1_offset1_res.png  used on input line 554.
(pdftex.def)             Requested size: 135.50499pt x 71.27562pt.
<pictures/results/rein_1PV_scale1_offset0_8_con.png, id=1028, 309.5565pt x 158.994pt>
File: pictures/results/rein_1PV_scale1_offset0_8_con.png Graphic file (type png)
<use pictures/results/rein_1PV_scale1_offset0_8_con.png>
Package pdftex.def Info: pictures/results/rein_1PV_scale1_offset0_8_con.png  used on input line 561.
(pdftex.def)             Requested size: 139.29913pt x 71.54663pt.
<pictures/results/rein_1PV_scale1_offset0_3_bis.png, id=1029, 302.93175pt x 161.403pt>
File: pictures/results/rein_1PV_scale1_offset0_3_bis.png Graphic file (type png)
<use pictures/results/rein_1PV_scale1_offset0_3_bis.png>
Package pdftex.def Info: pictures/results/rein_1PV_scale1_offset0_3_bis.png  used on input line 561.
(pdftex.def)             Requested size: 136.31802pt x 72.63068pt.
<pictures/results/rein_1PV_scale1_offset0_8_res.png, id=1030, 304.13625pt x 162.00525pt>
File: pictures/results/rein_1PV_scale1_offset0_8_res.png Graphic file (type png)
<use pictures/results/rein_1PV_scale1_offset0_8_res.png>
Package pdftex.def Info: pictures/results/rein_1PV_scale1_offset0_8_res.png  used on input line 562.
(pdftex.def)             Requested size: 136.86003pt x 72.90167pt.
<pictures/results/rein_1PV_scale1_offset0_6_con.png, id=1034, 301.72725pt x 160.80075pt>
File: pictures/results/rein_1PV_scale1_offset0_6_con.png Graphic file (type png)
<use pictures/results/rein_1PV_scale1_offset0_6_con.png>
Package pdftex.def Info: pictures/results/rein_1PV_scale1_offset0_6_con.png  used on input line 571.
(pdftex.def)             Requested size: 135.776pt x 72.35965pt.
<pictures/results/rein_1PV_scale1_offset0_bis.png, id=1035, 304.7385pt x 158.994pt>
File: pictures/results/rein_1PV_scale1_offset0_bis.png Graphic file (type png)
<use pictures/results/rein_1PV_scale1_offset0_bis.png>
Package pdftex.def Info: pictures/results/rein_1PV_scale1_offset0_bis.png  used on input line 571.
(pdftex.def)             Requested size: 137.13104pt x 71.54663pt.
<pictures/results/rein_1PV_scale1_offset0_5_res.png, id=1036, 307.74976pt x 158.39175pt>
File: pictures/results/rein_1PV_scale1_offset0_5_res.png Graphic file (type png)
<use pictures/results/rein_1PV_scale1_offset0_5_res.png>
Package pdftex.def Info: pictures/results/rein_1PV_scale1_offset0_5_res.png  used on input line 571.
(pdftex.def)             Requested size: 138.4861pt x 71.27562pt.
<pictures/results/rein_1PV_scale1_offset0_3_con.png, id=1040, 301.125pt x 160.80075pt>
File: pictures/results/rein_1PV_scale1_offset0_3_con.png Graphic file (type png)
<use pictures/results/rein_1PV_scale1_offset0_3_con.png>
Package pdftex.def Info: pictures/results/rein_1PV_scale1_offset0_3_con.png  used on input line 578.
(pdftex.def)             Requested size: 135.50499pt x 72.35965pt.
<pictures/results/rein_1PV_scale0_5_offset0_bis.png, id=1041, 305.34074pt x 160.80075pt>
File: pictures/results/rein_1PV_scale0_5_offset0_bis.png Graphic file (type png)
<use pictures/results/rein_1PV_scale0_5_offset0_bis.png>
Package pdftex.def Info: pictures/results/rein_1PV_scale0_5_offset0_bis.png  used on input line 578.
(pdftex.def)             Requested size: 137.40205pt x 72.35965pt.
<pictures/results/rein_1PV_scale1_offset0_res.png, id=1042, 313.77225pt x 160.1985pt>
File: pictures/results/rein_1PV_scale1_offset0_res.png Graphic file (type png)
<use pictures/results/rein_1PV_scale1_offset0_res.png>
Package pdftex.def Info: pictures/results/rein_1PV_scale1_offset0_res.png  used on input line 579.
(pdftex.def)             Requested size: 141.1962pt x 72.08865pt.

Overfull \hbox (46.32216pt too wide) in paragraph at lines 547--589
 [][] 
 []

[40 <./pictures/results/rein_1PV_scale1_offset1_con.png> <./pictures/results/rein_1PV_scale1_offset1_bis.png> <./picture
s/results/rein_1PV_scale1_offset1_res.png> <./pictures/results/rein_1PV_scale1_offset0_8_con.png> <./pictures/results/re
in_1PV_scale1_offset0_3_bis.png> <./pictures/results/rein_1PV_scale1_offset0_8_res.png> <./pictures/results/rein_1PV_sca
le1_offset0_6_con.png> <./pictures/results/rein_1PV_scale1_offset0_bis.png> <./pictures/results/rein_1PV_scale1_offset0_
5_res.png> <./pictures/results/rein_1PV_scale1_offset0_3_con.png> <./pictures/results/rein_1PV_scale0_5_offset0_bis.png>
 <./pictures/results/rein_1PV_scale1_offset0_res.png>] [41] [42]
<pictures/results/rein_2PV_scale1_offset1_con.png, id=1093, 343.2825pt x 267.399pt>
File: pictures/results/rein_2PV_scale1_offset1_con.png Graphic file (type png)
<use pictures/results/rein_2PV_scale1_offset1_con.png>
Package pdftex.def Info: pictures/results/rein_2PV_scale1_offset1_con.png  used on input line 672.
(pdftex.def)             Requested size: 145.1048pt x 128.03996pt.
<pictures/results/rein_2PV_scale1_offset1_bis.png, id=1094, 343.2825pt x 264.99pt>
File: pictures/results/rein_2PV_scale1_offset1_bis.png Graphic file (type png)
<use pictures/results/rein_2PV_scale1_offset1_bis.png>
Package pdftex.def Info: pictures/results/rein_2PV_scale1_offset1_bis.png  used on input line 672.
(pdftex.def)             Requested size: 145.1048pt x 128.03882pt.
<pictures/results/rein_2PV_scale1_offset1_res.png, id=1095, 344.487pt x 264.38776pt>
File: pictures/results/rein_2PV_scale1_offset1_res.png Graphic file (type png)
<use pictures/results/rein_2PV_scale1_offset1_res.png>
Package pdftex.def Info: pictures/results/rein_2PV_scale1_offset1_res.png  used on input line 673.
(pdftex.def)             Requested size: 145.10406pt x 128.04233pt.
<pictures/results/rein_2PV_scale1_offset0_9_con.png, id=1099, 340.27126pt x 265.59225pt>
File: pictures/results/rein_2PV_scale1_offset0_9_con.png Graphic file (type png)
<use pictures/results/rein_2PV_scale1_offset0_9_con.png>
Package pdftex.def Info: pictures/results/rein_2PV_scale1_offset0_9_con.png  used on input line 681.
(pdftex.def)             Requested size: 145.1092pt x 128.04208pt.
<pictures/results/rein_2PV_scale1_offset0_3_bis.png, id=1100, 328.8285pt x 263.18324pt>
File: pictures/results/rein_2PV_scale1_offset0_3_bis.png Graphic file (type png)
<use pictures/results/rein_2PV_scale1_offset0_3_bis.png>
Package pdftex.def Info: pictures/results/rein_2PV_scale1_offset0_3_bis.png  used on input line 681.
(pdftex.def)             Requested size: 145.11147pt x 128.04129pt.
<pictures/results/rein_2PV_scale1_offset0_8_res.png, id=1101, 338.4645pt x 266.1945pt>
File: pictures/results/rein_2PV_scale1_offset0_8_res.png Graphic file (type png)
<use pictures/results/rein_2PV_scale1_offset0_8_res.png>
Package pdftex.def Info: pictures/results/rein_2PV_scale1_offset0_8_res.png  used on input line 682.
(pdftex.def)             Requested size: 145.10823pt x 128.03998pt.
<pictures/results/rein_2PV_scale1_offset0_8_con.png, id=1105, 343.88475pt x 264.38776pt>
File: pictures/results/rein_2PV_scale1_offset0_8_con.png Graphic file (type png)
<use pictures/results/rein_2PV_scale1_offset0_8_con.png>
Package pdftex.def Info: pictures/results/rein_2PV_scale1_offset0_8_con.png  used on input line 689.
(pdftex.def)             Requested size: 145.1075pt x 128.04233pt.
<pictures/results/rein_2PV_scale1_offset0_bis.png, id=1106, 330.033pt x 266.79675pt>
File: pictures/results/rein_2PV_scale1_offset0_bis.png Graphic file (type png)
<use pictures/results/rein_2PV_scale1_offset0_bis.png>
Package pdftex.def Info: pictures/results/rein_2PV_scale1_offset0_bis.png  used on input line 689.
(pdftex.def)             Requested size: 145.10417pt x 128.04062pt.
<pictures/results/rein_2PV_scale1_offset0_5_res.png, id=1107, 336.65775pt x 266.1945pt>
File: pictures/results/rein_2PV_scale1_offset0_5_res.png Graphic file (type png)
<use pictures/results/rein_2PV_scale1_offset0_5_res.png>
Package pdftex.def Info: pictures/results/rein_2PV_scale1_offset0_5_res.png  used on input line 689.
(pdftex.def)             Requested size: 145.10417pt x 128.03998pt.
<pictures/results/rein_2PV_scale1_offset0_6_con.png, id=1111, 343.2825pt x 263.7855pt>
File: pictures/results/rein_2PV_scale1_offset0_6_con.png Graphic file (type png)
<use pictures/results/rein_2PV_scale1_offset0_6_con.png>
Package pdftex.def Info: pictures/results/rein_2PV_scale1_offset0_6_con.png  used on input line 696.
(pdftex.def)             Requested size: 145.1048pt x 128.03644pt.
<pictures/results/rein_2PV_scale0_5_offset0_bis.png, id=1112, 320.397pt x 262.581pt>
File: pictures/results/rein_2PV_scale0_5_offset0_bis.png Graphic file (type png)
<use pictures/results/rein_2PV_scale0_5_offset0_bis.png>
Package pdftex.def Info: pictures/results/rein_2PV_scale0_5_offset0_bis.png  used on input line 696.
(pdftex.def)             Requested size: 145.10619pt x 128.03676pt.
<pictures/results/rein_2PV_scale1_offset0_res.png, id=1113, 339.06676pt x 263.18324pt>
File: pictures/results/rein_2PV_scale1_offset0_res.png Graphic file (type png)
<use pictures/results/rein_2PV_scale1_offset0_res.png>
Package pdftex.def Info: pictures/results/rein_2PV_scale1_offset0_res.png  used on input line 697.
(pdftex.def)             Requested size: 145.10774pt x 128.04129pt.

Overfull \hbox (47.73225pt too wide) in paragraph at lines 668--705
 [][] 
 []


Overfull \vbox (73.47618pt too high) has occurred while \output is active []

 [43 <./pictures/results/rein_2PV_scale1_offset1_con.png> <./pictures/results/rein_2PV_scale1_offset1_bis.png> <./pictur
es/results/rein_2PV_scale1_offset1_res.png> <./pictures/results/rein_2PV_scale1_offset0_9_con.png> <./pictures/results/r
ein_2PV_scale1_offset0_3_bis.png> <./pictures/results/rein_2PV_scale1_offset0_8_res.png> <./pictures/results/rein_2PV_sc
ale1_offset0_8_con.png> <./pictures/results/rein_2PV_scale1_offset0_bis.png> <./pictures/results/rein_2PV_scale1_offset0
_5_res.png> <./pictures/results/rein_2PV_scale1_offset0_6_con.png> <./pictures/results/rein_2PV_scale0_5_offset0_bis.png
> <./pictures/results/rein_2PV_scale1_offset0_res.png>] [44]
Underfull \vbox (badness 10000) has occurred while \output is active []

 [45] [46]
<pictures/results/rein_3PV_scale1_offset1_con.png, id=1180, 619.113pt x 440.847pt>
File: pictures/results/rein_3PV_scale1_offset1_con.png Graphic file (type png)
<use pictures/results/rein_3PV_scale1_offset1_con.png>
Package pdftex.def Info: pictures/results/rein_3PV_scale1_offset1_con.png  used on input line 827.
(pdftex.def)             Requested size: 145.10425pt x 130.88286pt.
<pictures/results/rein_3PV_scale1_offset1_bis.png, id=1181, 613.69275pt x 433.62pt>
File: pictures/results/rein_3PV_scale1_offset1_bis.png Graphic file (type png)
<use pictures/results/rein_3PV_scale1_offset1_bis.png>
Package pdftex.def Info: pictures/results/rein_3PV_scale1_offset1_bis.png  used on input line 827.
(pdftex.def)             Requested size: 145.1074pt x 130.88098pt.
<pictures/results/rein_3PV_scale1_offset1_res.png, id=1182, 613.0905pt x 437.83575pt>
File: pictures/results/rein_3PV_scale1_offset1_res.png Graphic file (type png)
<use pictures/results/rein_3PV_scale1_offset1_res.png>
Package pdftex.def Info: pictures/results/rein_3PV_scale1_offset1_res.png  used on input line 827.
(pdftex.def)             Requested size: 145.10533pt x 130.88408pt.
<pictures/results/rein_3PV_scale1_offset0_9_con.png, id=1186, 607.67026pt x 440.24475pt>
File: pictures/results/rein_3PV_scale1_offset0_9_con.png Graphic file (type png)
<use pictures/results/rein_3PV_scale1_offset0_9_con.png>
Package pdftex.def Info: pictures/results/rein_3PV_scale1_offset0_9_con.png  used on input line 834.
(pdftex.def)             Requested size: 145.10205pt x 130.88542pt.
<pictures/results/rein_3PV_scale1_offset0_3_bis.png, id=1187, 616.704pt x 431.81325pt>
File: pictures/results/rein_3PV_scale1_offset0_3_bis.png Graphic file (type png)
<use pictures/results/rein_3PV_scale1_offset0_3_bis.png>
Package pdftex.def Info: pictures/results/rein_3PV_scale1_offset0_3_bis.png  used on input line 834.
(pdftex.def)             Requested size: 145.10425pt x 130.88252pt.
<pictures/results/rein_3PV_scale1_offset0_8_res.png, id=1188, 620.3175pt x 434.8245pt>
File: pictures/results/rein_3PV_scale1_offset0_8_res.png Graphic file (type png)
<use pictures/results/rein_3PV_scale1_offset0_8_res.png>
Package pdftex.def Info: pictures/results/rein_3PV_scale1_offset0_8_res.png  used on input line 835.
(pdftex.def)             Requested size: 145.1026pt x 130.87961pt.
<pictures/results/rein_3PV_scale1_offset0_8_con.png, id=1192, 613.0905pt x 436.63126pt>
File: pictures/results/rein_3PV_scale1_offset0_8_con.png Graphic file (type png)
<use pictures/results/rein_3PV_scale1_offset0_8_con.png>
Package pdftex.def Info: pictures/results/rein_3PV_scale1_offset0_8_con.png  used on input line 842.
(pdftex.def)             Requested size: 145.10533pt x 130.88379pt.
<pictures/results/rein_3PV_scale1_offset0_bis.png, id=1193, 613.0905pt x 434.22224pt>
File: pictures/results/rein_3PV_scale1_offset0_bis.png Graphic file (type png)
<use pictures/results/rein_3PV_scale1_offset0_bis.png>
Package pdftex.def Info: pictures/results/rein_3PV_scale1_offset0_bis.png  used on input line 842.
(pdftex.def)             Requested size: 145.10533pt x 130.87723pt.
<pictures/results/rein_3PV_scale1_offset0_5_res.png, id=1194, 612.48825pt x 432.4155pt>
File: pictures/results/rein_3PV_scale1_offset0_5_res.png Graphic file (type png)
<use pictures/results/rein_3PV_scale1_offset0_5_res.png>
Package pdftex.def Info: pictures/results/rein_3PV_scale1_offset0_5_res.png  used on input line 842.
(pdftex.def)             Requested size: 145.10298pt x 130.88031pt.
<pictures/results/rein_3PV_scale1_offset0_6_con.png, id=1198, 610.6815pt x 437.83575pt>
File: pictures/results/rein_3PV_scale1_offset0_6_con.png Graphic file (type png)
<use pictures/results/rein_3PV_scale1_offset0_6_con.png>
Package pdftex.def Info: pictures/results/rein_3PV_scale1_offset0_6_con.png  used on input line 850.
(pdftex.def)             Requested size: 145.10359pt x 130.88408pt.
<pictures/results/rein_3PV_scale0_5_offset0_bis.png, id=1199, 611.886pt x 437.83575pt>
File: pictures/results/rein_3PV_scale0_5_offset0_bis.png Graphic file (type png)
<use pictures/results/rein_3PV_scale0_5_offset0_bis.png>
Package pdftex.def Info: pictures/results/rein_3PV_scale0_5_offset0_bis.png  used on input line 850.
(pdftex.def)             Requested size: 145.10968pt x 130.88408pt.
<pictures/results/rein_3PV_scale1_offset0_res.png, id=1200, 610.07925pt x 435.42674pt>
File: pictures/results/rein_3PV_scale1_offset0_res.png Graphic file (type png)
<use pictures/results/rein_3PV_scale1_offset0_res.png>
Package pdftex.def Info: pictures/results/rein_3PV_scale1_offset0_res.png  used on input line 851.
(pdftex.def)             Requested size: 145.10944pt x 130.8815pt.

Overfull \hbox (47.73225pt too wide) in paragraph at lines 820--859
 [][] 
 []


Overfull \vbox (84.84552pt too high) has occurred while \output is active []

 [47 <./pictures/results/rein_3PV_scale1_offset1_con.png> <./pictures/results/rein_3PV_scale1_offset1_bis.png> <./pictur
es/results/rein_3PV_scale1_offset1_res.png> <./pictures/results/rein_3PV_scale1_offset0_9_con.png> <./pictures/results/r
ein_3PV_scale1_offset0_3_bis.png> <./pictures/results/rein_3PV_scale1_offset0_8_res.png> <./pictures/results/rein_3PV_sc
ale1_offset0_8_con.png> <./pictures/results/rein_3PV_scale1_offset0_bis.png> <./pictures/results/rein_3PV_scale1_offset0
_5_res.png> <./pictures/results/rein_3PV_scale1_offset0_6_con.png> <./pictures/results/rein_3PV_scale0_5_offset0_bis.png
> <./pictures/results/rein_3PV_scale1_offset0_res.png>] [48] [49] [50] [51] [52]) (Chapter_2/Chapter_2.tex [53]
Chapter 3.
[54


] [55]
Underfull \vbox (badness 1122) has occurred while \output is active []

 [56]
<pictures/qq.png, id=1337, 513.71925pt x 292.6935pt>
File: pictures/qq.png Graphic file (type png)
<use pictures/qq.png>
Package pdftex.def Info: pictures/qq.png  used on input line 51.
(pdftex.def)             Requested size: 426.79135pt x 243.17671pt.
 [57 <./pictures/qq.png>] [58]
Underfull \vbox (badness 1668) has occurred while \output is active []

 [59] [60]
Overfull \hbox (18.54834pt too wide) in paragraph at lines 158--158
[]\OT1/cmr/bx/n/17.28 Orientation An-gle Op-ti-miza-tion Al-go-rithm with
 []


Overfull \hbox (4.04303pt too wide) in paragraph at lines 164--165
[]\OT1/cmr/m/n/12 There are $\OML/cmm/m/it/12 S[] \OT1/cmr/m/n/12 = [] + 1$ bat-tery en-ergy states. The bat-tery en-erg
y states $0\OML/cmm/m/it/12 ; \OT1/cmr/m/n/12 1\OML/cmm/m/it/12 ; \OT1/cmr/m/n/12 2\OML/cmm/m/it/12 ; \OT1/cmr/m/n/12 3\
OML/cmm/m/it/12 ; :::;$
 []

[61] [62]
<pictures/1.png, id=1420, 579.96675pt x 178.266pt>
File: pictures/1.png Graphic file (type png)
<use pictures/1.png>
Package pdftex.def Info: pictures/1.png  used on input line 200.
(pdftex.def)             Requested size: 347.98273pt x 106.9604pt.
<pictures/EN.png, id=1421, 579.96675pt x 176.45924pt>
File: pictures/EN.png Graphic file (type png)
<use pictures/EN.png>
Package pdftex.def Info: pictures/EN.png  used on input line 206.
(pdftex.def)             Requested size: 347.98273pt x 105.87634pt.
 [63 <./pictures/1.png> <./pictures/EN.png>]
<pictures/33.png, id=1445, 444.4605pt x 180.675pt>
File: pictures/33.png Graphic file (type png)
<use pictures/33.png>
Package pdftex.def Info: pictures/33.png  used on input line 226.
(pdftex.def)             Requested size: 266.67834pt x 108.40582pt.
<pictures/rr.png, id=1446, 406.51875pt x 171.64125pt>
File: pictures/rr.png Graphic file (type png)
<use pictures/rr.png>
Package pdftex.def Info: pictures/rr.png  used on input line 233.
(pdftex.def)             Requested size: 243.91312pt x 102.98552pt.

Underfull \vbox (badness 2310) has occurred while \output is active []

 [64 <./pictures/33.png> <./pictures/rr.png>]
Package hyperref Info: bookmark level for unknown algorithm defaults to 0 on input line 247.

Overfull \hbox (10.53046pt too wide) in paragraph at lines 268--269
[] [][] 
 []

[65]
Underfull \vbox (badness 10000) has occurred while \output is active []

 [66] [67]
Overfull \hbox (15.38155pt too wide) in paragraph at lines 355--357
\OT1/cmr/m/n/12 rithm. Both al-go-rithms are run for ev-ery ori-en-ta-tion an-gle $\OML/cmm/m/it/12  \OMS/cmsy/m/n/12 2
 f \OT1/cmr/m/n/12 40[]\OML/cmm/m/it/12 ; \OMS/cmsy/m/n/12  \OT1/cmr/m/n/12 35[]\OML/cmm/m/it/12 ; :::; \OT1/cmr/m/n/12 
85[]\OML/cmm/m/it/12 ; \OT1/cmr/m/n/12 90[]\OMS/cmsy/m/n/12 g$
 []


Overfull \hbox (21.59464pt too wide) in alignment at lines 362--385
 [] [] [] [] 
 []


Overfull \hbox (21.59464pt too wide) in alignment at lines 385--405
 [] [] [] [] 
 []

[68]
Overfull \hbox (21.59464pt too wide) in alignment at lines 405--409
 [] [] [] [] 
 []

[69]
<pictures/sim_vs_markov.png, id=1500, 546.843pt x 320.397pt>
File: pictures/sim_vs_markov.png Graphic file (type png)
<use pictures/sim_vs_markov.png>
Package pdftex.def Info: pictures/sim_vs_markov.png  used on input line 421.
(pdftex.def)             Requested size: 426.79135pt x 250.06998pt.
 [70 <./pictures/sim_vs_markov.png>]
<pictures/different_batteries.png, id=1508, 553.46774pt x 322.20375pt>
File: pictures/different_batteries.png Graphic file (type png)
<use pictures/different_batteries.png>
Package pdftex.def Info: pictures/different_batteries.png  used on input line 447.
(pdftex.def)             Requested size: 426.79135pt x 248.4713pt.
 [71 <./pictures/different_batteries.png>]) (Chapter_3/Chapter_3.tex [72]
Chapter 4.

Underfull \vbox (badness 10000) has occurred while \output is active []

 [73


] [74]
Underfull \vbox (badness 10000) has occurred while \output is active []

 [75]
Overfull \hbox (5.03645pt too wide) in paragraph at lines 33--33
[]\OT1/cmr/bx/n/17.28 Literature Re-view: Ben-e-fits of Anti-correlated
 []

[76] [77]
<pictures/3.png, id=1590, 471.56175pt x 401.70074pt>
File: pictures/3.png Graphic file (type png)
<use pictures/3.png>
Package pdftex.def Info: pictures/3.png  used on input line 59.
(pdftex.def)             Requested size: 384.1096pt x 327.22078pt.

Underfull \vbox (badness 10000) has occurred while \output is active []

 [78 <./pictures/3.png>]
Overfull \hbox (22.26642pt too wide) in paragraph at lines 74--74
[]\OT1/cmr/bx/n/17.28 System Model 3 - De-ploy-ment of Anti-correlated
 []

[79] [80]
<pictures/square4.png, id=1615, 130.23656pt x 169.38281pt>
File: pictures/square4.png Graphic file (type png)
<use pictures/square4.png>
Package pdftex.def Info: pictures/square4.png  used on input line 109.
(pdftex.def)             Requested size: 128.0387pt x 166.52643pt.
<pictures/square6.png, id=1616, 219.219pt x 136.71075pt>
File: pictures/square6.png Graphic file (type png)
<use pictures/square6.png>
Package pdftex.def Info: pictures/square6.png  used on input line 116.
(pdftex.def)             Requested size: 256.07741pt x 159.71729pt.

Underfull \vbox (badness 10000) has occurred while \output is active []

 [81 <./pictures/square4.png> <./pictures/square6.png>] [82] [83] [84]
Underfull \hbox (badness 10000) in paragraph at lines 235--237

 []


Underfull \vbox (badness 10000) has occurred while \output is active []

 [85] [86] [87]
<pictures/graph_1.png, id=1678, 409.53pt x 364.9635pt>
File: pictures/graph_1.png Graphic file (type png)
<use pictures/graph_1.png>
Package pdftex.def Info: pictures/graph_1.png  used on input line 357.
(pdftex.def)             Requested size: 320.0935pt x 285.27739pt.
 [88 <./pictures/graph_1.png>]
<pictures/graph_2.png, id=1685, 392.06474pt x 366.77025pt>
File: pictures/graph_2.png Graphic file (type png)
<use pictures/graph_2.png>
Package pdftex.def Info: pictures/graph_2.png  used on input line 370.
(pdftex.def)             Requested size: 320.0935pt x 299.43837pt.
<pictures/graph_3.png, id=1690, 370.38374pt x 361.95226pt>
File: pictures/graph_3.png Graphic file (type png)
<use pictures/graph_3.png>
Package pdftex.def Info: pictures/graph_3.png  used on input line 385.
(pdftex.def)             Requested size: 320.0935pt x 312.80823pt.

Underfull \vbox (badness 10000) has occurred while \output is active []

 [89 <./pictures/graph_2.png>]
<pictures/graph_5.png, id=1699, 393.26926pt x 367.3725pt>
File: pictures/graph_5.png Graphic file (type png)
<use pictures/graph_5.png>
Package pdftex.def Info: pictures/graph_5.png  used on input line 399.
(pdftex.def)             Requested size: 320.0935pt x 299.02754pt.

Underfull \vbox (badness 10000) has occurred while \output is active []

 [90 <./pictures/graph_3.png>]
Underfull \vbox (badness 10000) has occurred while \output is active []

 [91 <./pictures/graph_5.png>])
(conclusion/conclusion.tex [92]
Chapter 5.
[93


]
Underfull \vbox (badness 3579) has occurred while \output is active []

 [94]
Underfull \vbox (badness 3579) has occurred while \output is active []

 [95] [96] [97]) (appendix/appendix.tex [98]
Underfull \vbox (badness 10000) has occurred while \output is active []

 [99

]
<pictures/normal2.png, id=1761, 275.22826pt x 248.127pt>
File: pictures/normal2.png Graphic file (type png)
<use pictures/normal2.png>
Package pdftex.def Info: pictures/normal2.png  used on input line 38.
(pdftex.def)             Requested size: 213.39568pt x 192.38728pt.
File: pictures/orien.png Graphic file (type png)
<use pictures/orien.png>
Package pdftex.def Info: pictures/orien.png  used on input line 52.
(pdftex.def)             Requested size: 426.79135pt x 180.694pt.

Underfull \vbox (badness 10000) has occurred while \output is active []

 [100 <./pictures/normal2.png>] [101]
<pictures/gggg.jpg, id=1782, 667.293pt x 380.622pt>
File: pictures/gggg.jpg Graphic file (type jpg)
<use pictures/gggg.jpg>
Package pdftex.def Info: pictures/gggg.jpg  used on input line 77.
(pdftex.def)             Requested size: 426.79135pt x 243.44041pt.
<pictures/gg.jpg, id=1783, 629.35126pt x 373.395pt>
File: pictures/gg.jpg Graphic file (type jpg)
<use pictures/gg.jpg>
Package pdftex.def Info: pictures/gg.jpg  used on input line 84.
(pdftex.def)             Requested size: 426.79135pt x 253.21584pt.

Underfull \vbox (badness 10000) has occurred while \output is active []

 [102 <./pictures/gggg.jpg>] [103 <./pictures/gg.jpg>] (Matlab_code/MAIN_FILE_orientation_angle_optimization.m
LaTeX Font Info:    Font shape `OMS/cmr/m/it' in size <8> not available
(Font)              Font shape `OMS/cmsy/m/n' tried instead on input line 19.
 [104]
Underfull \vbox (badness 10000) has occurred while \output is active []

 [105]
LaTeX Font Info:    Font shape `OMS/cmr/m/n' in size <8> not available
(Font)              Font shape `OMS/cmsy/m/n' tried instead on input line 70.

Underfull \vbox (badness 10000) has occurred while \output is active []

 [106]
Underfull \vbox (badness 10000) has occurred while \output is active []

 [107]) (Matlab_code/I_ground.m)
(Matlab_code/I_beam.m) (Matlab_code/I_diffuse.m
LaTeX Font Info:    Try loading font information for OML+cmr on input line 5.
 ("C:\Program Files\MiKTeX 2.9\tex/latex/base\omlcmr.fd"
File: omlcmr.fd 2014/09/29 v2.5h Standard LaTeX font definitions
)
LaTeX Font Info:    Font shape `OML/cmr/m/n' in size <8> not available
(Font)              Font shape `OML/cmm/m/it' tried instead on input line 5.
 [108])
(Matlab_code/normalized_energy_drawn_from_the_main_grid.m) (Matlab_code/print_1D_graph.m [109]
Underfull \vbox (badness 10000) has occurred while \output is active []

 [110]) (Matlab_code/print_2D_graph.m [111])
(Matlab_code/print_3D_graph.m [112]
Underfull \vbox (badness 10000) has occurred while \output is active []

 [113]
Underfull \vbox (badness 10000) has occurred while \output is active []

 [114]) (Matlab_code/load_profiles.txt [115]
Underfull \vbox (badness 10000) has occurred while \output is active []

 [116])
(Matlab_code/jun_dailyrad512836N_000001W_0deg_0deg.txt [117]
Underfull \vbox (badness 10000) has occurred while \output is active []

 [118])) [119] (PHD_thesis.bbl [120


] [121] [122]
Underfull \hbox (badness 1028) in paragraph at lines 159--162
[]\OT1/cmr/m/n/12 R. Luthander, J. Widen, D. Nils-son, and J. Palm, ``Pho-to-voltaic self-
 []

[123] [124] [125]
Underfull \hbox (badness 1038) in paragraph at lines 299--302
[]\OT1/cmr/m/n/12 E. Akarslan, F. O. Ho-caoglu, and R. Edi-zkan, ``A novel M-D (multi-
 []

[126] [127] [128] [129])
Package atveryend Info: Empty hook `BeforeClearDocument' on input line 164.
 [130]
Package atveryend Info: Empty hook `AfterLastShipout' on input line 164.
 (PHD_thesis.aux (Nomenclature/nomenclature.aux))
Package atveryend Info: Executing hook `AtVeryEndDocument' on input line 164.
Package atveryend Info: Empty hook `AtEndAfterFileList' on input line 164.
Package atveryend Info: Empty hook `AtVeryVeryEnd' on input line 164.
 ) 
Here is how much of TeX's memory you used:
 15195 strings out of 492895
 239963 string characters out of 3133479
 588698 words of memory out of 3000000
 17677 multiletter control sequences out of 15000+200000
 18739 words of font info for 75 fonts, out of 3000000 for 9000
 1141 hyphenation exceptions out of 8191
 43i,20n,87p,1797b,2515s stack positions out of 5000i,500n,10000p,200000b,50000s
<C:/Program Files/MiKTeX 2.9/fonts/type1/public/amsfonts/cm/cmbx12.pfb><C:/Program Files/MiKTeX 2.9/fonts/type1/public
/amsfonts/cm/cmbx8.pfb><C:/Program Files/MiKTeX 2.9/fonts/type1/public/amsfonts/cm/cmex10.pfb><C:/Program Files/MiKTeX 2
.9/fonts/type1/public/amsfonts/cm/cmmi10.pfb><C:/Program Files/MiKTeX 2.9/fonts/type1/public/amsfonts/cm/cmmi12.pfb><C:/
Program Files/MiKTeX 2.9/fonts/type1/public/amsfonts/cm/cmmi5.pfb><C:/Program Files/MiKTeX 2.9/fonts/type1/public/amsfon
ts/cm/cmmi6.pfb><C:/Program Files/MiKTeX 2.9/fonts/type1/public/amsfonts/cm/cmmi7.pfb><C:/Program Files/MiKTeX 2.9/fonts
/type1/public/amsfonts/cm/cmmi8.pfb><C:/Program Files/MiKTeX 2.9/fonts/type1/public/amsfonts/cm/cmmib10.pfb><C:/Program 
Files/MiKTeX 2.9/fonts/type1/public/amsfonts/cm/cmr10.pfb><C:/Program Files/MiKTeX 2.9/fonts/type1/public/amsfonts/cm/cm
r12.pfb><C:/Program Files/MiKTeX 2.9/fonts/type1/public/amsfonts/cm/cmr17.pfb><C:/Program Files/MiKTeX 2.9/fonts/type1/p
ublic/amsfonts/cm/cmr5.pfb><C:/Program Files/MiKTeX 2.9/fonts/type1/public/amsfonts/cm/cmr6.pfb><C:/Program Files/MiKTeX
 2.9/fonts/type1/public/amsfonts/cm/cmr7.pfb><C:/Program Files/MiKTeX 2.9/fonts/type1/public/amsfonts/cm/cmr8.pfb><C:/Pr
ogram Files/MiKTeX 2.9/fonts/type1/public/amsfonts/cm/cmsl12.pfb><C:/Program Files/MiKTeX 2.9/fonts/type1/public/amsfont
s/cm/cmsy10.pfb><C:/Program Files/MiKTeX 2.9/fonts/type1/public/amsfonts/cm/cmsy6.pfb><C:/Program Files/MiKTeX 2.9/fonts
/type1/public/amsfonts/cm/cmsy7.pfb><C:/Program Files/MiKTeX 2.9/fonts/type1/public/amsfonts/cm/cmsy8.pfb><C:/Program Fi
les/MiKTeX 2.9/fonts/type1/public/amsfonts/cm/cmti12.pfb><C:/Program Files/MiKTeX 2.9/fonts/type1/public/amsfonts/cm/cmt
i8.pfb><C:/Program Files/MiKTeX 2.9/fonts/type1/public/eurosym/feymr10.pfb><C:/Program Files/MiKTeX 2.9/fonts/type1/publ
ic/amsfonts/symbols/msbm10.pfb>
Output written on PHD_thesis.pdf (155 pages, 6624469 bytes).
PDF statistics:
 3038 PDF objects out of 3580 (max. 8388607)
 1009 named destinations out of 1200 (max. 500000)
 960 words of extra memory for PDF output out of 10000 (max. 10000000)

